c:\users\ducbx\downloads\chart\chartctrldemosource\vs2010\projects\chartctrllib\debug\chartctrllib.bsc
c:\users\ducbx\documents\visual studio 2015\projects\chartducbx\debug\chartctrllib.bsc
c:\users\ducbx\downloads\chart\chartctrldemosource\vs2010\projects\chartctrllib\chartctrllib\debug\chartctrllib.pch
c:\users\ducbx\downloads\chart\chartctrldemosource\vs2010\projects\chartctrllib\chartctrllib\debug\chartctrllib.pdb
c:\users\ducbx\downloads\chart\chartctrldemosource\vs2010\projects\chartctrllib\chartctrllib\debug\chartctrllib.idb
c:\users\ducbx\downloads\chart\chartctrldemosource\vs2010\projects\chartctrllib\chartctrllib\debug\stdafx.sbr
c:\users\ducbx\downloads\chart\chartctrldemosource\vs2010\projects\chartctrllib\chartctrllib\debug\stdafx.obj
c:\users\ducbx\downloads\chart\chartctrldemosource\vs2010\projects\chartctrllib\chartctrllib\debug\util.sbr
c:\users\ducbx\downloads\chart\chartctrldemosource\vs2010\projects\chartctrllib\chartctrllib\debug\chartdataview.sbr
c:\users\ducbx\downloads\chart\chartctrldemosource\vs2010\projects\chartctrllib\chartctrllib\debug\datalabel.sbr
c:\users\ducbx\downloads\chart\chartctrldemosource\vs2010\projects\chartctrllib\chartctrllib\debug\chartsxmlserializer.sbr
c:\users\ducbx\downloads\chart\chartctrldemosource\vs2010\projects\chartctrllib\chartctrllib\debug\chartcontainer.sbr
c:\users\ducbx\downloads\chart\chartctrldemosource\vs2010\projects\chartctrllib\chartctrllib\debug\chart.sbr
c:\users\ducbx\downloads\chart\chartctrldemosource\vs2010\projects\chartctrllib\chartctrllib\debug\chart.obj
c:\users\ducbx\downloads\chart\chartctrldemosource\vs2010\projects\chartctrllib\chartctrllib\debug\chartcontainer.obj
c:\users\ducbx\downloads\chart\chartctrldemosource\vs2010\projects\chartctrllib\chartctrllib\debug\chartsxmlserializer.obj
c:\users\ducbx\downloads\chart\chartctrldemosource\vs2010\projects\chartctrllib\chartctrllib\debug\datalabel.obj
c:\users\ducbx\downloads\chart\chartctrldemosource\vs2010\projects\chartctrllib\chartctrllib\debug\chartdataview.obj
c:\users\ducbx\downloads\chart\chartctrldemosource\vs2010\projects\chartctrllib\chartctrllib\debug\util.obj
c:\users\ducbx\documents\visual studio 2015\projects\chartducbx\chartctrllib\debug\chartctrllib.pch
c:\users\ducbx\documents\visual studio 2015\projects\chartducbx\chartctrllib\debug\chartctrllib.pdb
c:\users\ducbx\documents\visual studio 2015\projects\chartducbx\chartctrllib\debug\chartctrllib.idb
c:\users\ducbx\documents\visual studio 2015\projects\chartducbx\chartctrllib\debug\stdafx.sbr
c:\users\ducbx\documents\visual studio 2015\projects\chartducbx\chartctrllib\debug\stdafx.obj
c:\users\ducbx\documents\visual studio 2015\projects\chartducbx\chartctrllib\debug\util.sbr
c:\users\ducbx\documents\visual studio 2015\projects\chartducbx\chartctrllib\debug\chartdataview.sbr
c:\users\ducbx\documents\visual studio 2015\projects\chartducbx\chartctrllib\debug\datalabel.sbr
c:\users\ducbx\documents\visual studio 2015\projects\chartducbx\chartctrllib\debug\chartsxmlserializer.sbr
c:\users\ducbx\documents\visual studio 2015\projects\chartducbx\chartctrllib\debug\chartcontainer.sbr
c:\users\ducbx\documents\visual studio 2015\projects\chartducbx\chartctrllib\debug\chart.sbr
c:\users\ducbx\documents\visual studio 2015\projects\chartducbx\chartctrllib\debug\chart.obj
c:\users\ducbx\documents\visual studio 2015\projects\chartducbx\chartctrllib\debug\chartcontainer.obj
c:\users\ducbx\documents\visual studio 2015\projects\chartducbx\chartctrllib\debug\chartsxmlserializer.obj
c:\users\ducbx\documents\visual studio 2015\projects\chartducbx\chartctrllib\debug\datalabel.obj
c:\users\ducbx\documents\visual studio 2015\projects\chartducbx\chartctrllib\debug\chartdataview.obj
c:\users\ducbx\documents\visual studio 2015\projects\chartducbx\chartctrllib\debug\util.obj
c:\users\ducbx\downloads\chart\chartctrldemosource\vs2010\projects\chartctrllib\debug\chartctrllib.lib
c:\users\ducbx\documents\visual studio 2015\projects\chartducbx\debug\chartctrllib.lib
c:\users\ducbx\documents\visual studio 2015\projects\chartducbx\chartctrllib\debug\msxml6.tlh
c:\users\ducbx\documents\visual studio 2015\projects\chartducbx\debug\chartctrllib.pdb
c:\users\ducbx\documents\visual studio 2015\projects\chartducbx\chartctrllib\debug\chartctrllib.tlog\bscmake.command.1.tlog
c:\users\ducbx\documents\visual studio 2015\projects\chartducbx\chartctrllib\debug\chartctrllib.tlog\bscmake.read.1.tlog
c:\users\ducbx\documents\visual studio 2015\projects\chartducbx\chartctrllib\debug\chartctrllib.tlog\bscmake.write.1.tlog
c:\users\ducbx\documents\visual studio 2015\projects\chartducbx\chartctrllib\debug\chartctrllib.tlog\cl.command.1.tlog
c:\users\ducbx\documents\visual studio 2015\projects\chartducbx\chartctrllib\debug\chartctrllib.tlog\cl.read.1.tlog
c:\users\ducbx\documents\visual studio 2015\projects\chartducbx\chartctrllib\debug\chartctrllib.tlog\cl.write.1.tlog
c:\users\ducbx\documents\visual studio 2015\projects\chartducbx\chartctrllib\debug\chartctrllib.tlog\lib-link.read.1.tlog
c:\users\ducbx\documents\visual studio 2015\projects\chartducbx\chartctrllib\debug\chartctrllib.tlog\lib-link.write.1.tlog
c:\users\ducbx\documents\visual studio 2015\projects\chartducbx\chartctrllib\debug\chartctrllib.tlog\lib.command.1.tlog
