c:\users\ducbx\documents\visual studio 2015\projects\chartducbx\x64\debug\chartctrllib.bsc
c:\users\ducbx\documents\visual studio 2015\projects\chartducbx\chartctrllib\x64\debug\chartctrllib.pch
c:\users\ducbx\documents\visual studio 2015\projects\chartducbx\chartctrllib\x64\debug\chartctrllib.pdb
c:\users\ducbx\documents\visual studio 2015\projects\chartducbx\chartctrllib\x64\debug\chartctrllib.idb
c:\users\ducbx\documents\visual studio 2015\projects\chartducbx\chartctrllib\x64\debug\stdafx.sbr
c:\users\ducbx\documents\visual studio 2015\projects\chartducbx\chartctrllib\x64\debug\stdafx.obj
c:\users\ducbx\documents\visual studio 2015\projects\chartducbx\chartctrllib\x64\debug\util.sbr
c:\users\ducbx\documents\visual studio 2015\projects\chartducbx\chartctrllib\x64\debug\chartdataview.sbr
c:\users\ducbx\documents\visual studio 2015\projects\chartducbx\chartctrllib\x64\debug\datalabel.sbr
c:\users\ducbx\documents\visual studio 2015\projects\chartducbx\chartctrllib\x64\debug\chartsxmlserializer.sbr
c:\users\ducbx\documents\visual studio 2015\projects\chartducbx\chartctrllib\x64\debug\chartcontainer.sbr
c:\users\ducbx\documents\visual studio 2015\projects\chartducbx\chartctrllib\x64\debug\chart.sbr
c:\users\ducbx\documents\visual studio 2015\projects\chartducbx\chartctrllib\x64\debug\chart.obj
c:\users\ducbx\documents\visual studio 2015\projects\chartducbx\chartctrllib\x64\debug\chartcontainer.obj
c:\users\ducbx\documents\visual studio 2015\projects\chartducbx\chartctrllib\x64\debug\chartsxmlserializer.obj
c:\users\ducbx\documents\visual studio 2015\projects\chartducbx\chartctrllib\x64\debug\datalabel.obj
c:\users\ducbx\documents\visual studio 2015\projects\chartducbx\chartctrllib\x64\debug\chartdataview.obj
c:\users\ducbx\documents\visual studio 2015\projects\chartducbx\chartctrllib\x64\debug\util.obj
c:\users\ducbx\documents\visual studio 2015\projects\chartducbx\x64\debug\chartctrllib.lib
c:\users\ducbx\documents\visual studio 2015\projects\chartducbx\chartctrllib\x64\debug\msxml6.tlh
c:\users\ducbx\documents\visual studio 2015\projects\chartducbx\x64\debug\chartctrllib.pdb
c:\users\ducbx\documents\visual studio 2015\projects\chartducbx\chartctrllib\x64\debug\chartctrllib.tlog\bscmake.command.1.tlog
c:\users\ducbx\documents\visual studio 2015\projects\chartducbx\chartctrllib\x64\debug\chartctrllib.tlog\bscmake.read.1.tlog
c:\users\ducbx\documents\visual studio 2015\projects\chartducbx\chartctrllib\x64\debug\chartctrllib.tlog\bscmake.write.1.tlog
c:\users\ducbx\documents\visual studio 2015\projects\chartducbx\chartctrllib\x64\debug\chartctrllib.tlog\cl.command.1.tlog
c:\users\ducbx\documents\visual studio 2015\projects\chartducbx\chartctrllib\x64\debug\chartctrllib.tlog\cl.read.1.tlog
c:\users\ducbx\documents\visual studio 2015\projects\chartducbx\chartctrllib\x64\debug\chartctrllib.tlog\cl.write.1.tlog
c:\users\ducbx\documents\visual studio 2015\projects\chartducbx\chartctrllib\x64\debug\chartctrllib.tlog\lib-link.read.1.tlog
c:\users\ducbx\documents\visual studio 2015\projects\chartducbx\chartctrllib\x64\debug\chartctrllib.tlog\lib-link.write.1.tlog
c:\users\ducbx\documents\visual studio 2015\projects\chartducbx\chartctrllib\x64\debug\chartctrllib.tlog\lib.command.1.tlog
